计步器算法APP/Pedometer/proguard-project.txt
#ProGuard运行结束后，输出以下文件：
#dump.txt
#描述.apk文件中所有类文件间的内部结构
#mapping.txt
#列出了原始的类，方法和字段名与混淆后代码间的映射。
#这个文件很重要，当你从release版本中收到一个bug报告时，可以用它来翻译被混淆的代码。
#seeds.txt
#列出了未被混淆的类和成员
#usage.txt
#列出了从.apk中删除的代码

# This is a configuration file for ProGuard.
# http://proguard.sourceforge.net/index.html#manual/usage.html

-dontusemixedcaseclassnames
-dontskipnonpubliclibraryclasses
-dontskipnonpubliclibraryclassmembers
-verbose

-renamesourcefileattribute SourceFile
-keepattributes SourceFile,LineNumberTable

# Optimization is turned off by default. Dex does not like code run
# through the ProGuard optimize and preverify steps (and performs some
# of these optimizations on its own).
-dontoptimize
-dontpreverify
# Note that if you want to enable optimization, you cannot just
# include optimization flags in your own project configuration file;
# instead you will need to point to the
# "proguard-android-optimize.txt" file instead of this one from your
# project.properties file.

# 记录生成的日志数据，在proguard目录下
-dump class_files.txt
-printseeds seeds.txt
-printusage unused.txt
-printmapping mapping.txt

-keepattributes Signature
-keepattributes *Annotation*
-keep public class com.google.vending.licensing.ILicensingService
-keep public class com.android.vending.licensing.ILicensingService
# For native methods, see http://proguard.sourceforge.net/manual/examples.html#native
-keepclasseswithmembernames class * {
    native <methods>;
}

# keep setters in Views so that animations can still work.
# see http://proguard.sourceforge.net/manual/examples.html#beans
-keepclassmembers public class * extends android.view.View {
   void set*(***);
   *** get*();
}

# We want to keep methods in Activity that could be used in the XML attribute onClick
-keepclassmembers class * extends android.app.Activity {
   public void *(android.view.View);
}

# For enumeration classes, see http://proguard.sourceforge.net/manual/examples.html#enumerations
-keepclassmembers enum * {
    public static **[] values();
    public static ** valueOf(java.lang.String);
}

-keep class * implements android.os.Parcelable {
  public static final android.os.Parcelable$Creator *;
}

-keep class * implements java.lang.Comparable {
	 int compareTo(***);
}


-keepclassmembers class **.R$* {
    public static <fields>;
}



#-keepclassmembers class com.hiker.onebyone.data.model.**{*;}
#-keepclassmembers class com.hiker.onebyone.data.net.Request{*;}
#-keepclassmembers class * extends com.hiker.onebyone.data.net.Request{*;}
#-keepclassmembers class * extends com.hiker.onebyone.data.model.proguard{
#	public static <fields>;
#	public <fields>;
#}
#-keepclassmembers class com.hiker.onebyone.ui.wifi.NetWorkFlowActivity$*{
#	public <fields>;
#	private <fields>;
#}



# The support library contains references to newer platform versions.
# Don't warn about those in case this app is linking against an older
# platform version.  We know about them, and they are safe.
#-dontwarn android.support.**




#-libraryjars /libs/android-support-v4.jar
#-libraryjars /libs/Baidu_Mobstat_Android_SDK.jar
#-libraryjars /libs/baidumapapi.jar
#-libraryjars /libs/gson-2.2.1.jar
#-libraryjars /libs/HikerInject.jar
#-libraryjars /libs/jpush-sdk-release1.5.5.jar
#-libraryjars /libs/locSDK_2.4.jar
#-libraryjars /libs/wewesdk.jar

# The support library contains references to newer platform versions.
# Don't warn about those in case this app is linking against an older
# platform version.  We know about them, and they are safe.

#-dontwarn android.support.**
#-dontwarn cn.jpush.android.**
#-dontwarn com.google.gson.**
#-dontwarn com.yunlian.wewesdk.**
#-dontwarn org.linphone.core.**
#-dontwarn com.baidu.**
#-dontwarn com.baidu.location.**
#-dontwarn com.google.gson.**
#-dontwarn com.baidu.mapapi.**
#-dontwarn com.google.android.gms.**


#-keep class cn.jpush.android.**{*;}
#-keep class com.baidu.**{*;}
#-keep class com.google.gson.**{*;}
#-keep class com.yunlian.wewesdk.**{*;}
#-keep class org.linphone.core.**{*;}
#-keep class com.baidu.location.**{*;}
#-keep class android.support.v4.**{*;}
#-keep class com.baidu.mapapi.**{*;}
#-keep class com.google.android.gms.**{*;}