计步器算法APP/Pedometer/proguard/seeds.txt
name.bagi.levente.pedometer.R$array: int exercise_type_preference
name.bagi.levente.pedometer.R$array: int exercise_type_preference_values
name.bagi.levente.pedometer.R$array: int maintain_preference
name.bagi.levente.pedometer.R$array: int maintain_preference_values
name.bagi.levente.pedometer.R$array: int operation_level_preference
name.bagi.levente.pedometer.R$array: int operation_level_preference_values
name.bagi.levente.pedometer.R$array: int sensitivity_preference
name.bagi.levente.pedometer.R$array: int sensitivity_preference_values
name.bagi.levente.pedometer.R$array: int speaking_interval_preference
name.bagi.levente.pedometer.R$array: int speaking_interval_preference_values
name.bagi.levente.pedometer.R$array: int units_preference
name.bagi.levente.pedometer.R$array: int units_preference_values
name.bagi.levente.pedometer.R$color: int display_background
name.bagi.levente.pedometer.R$color: int screen_background
name.bagi.levente.pedometer.R$dimen: int box_width
name.bagi.levente.pedometer.R$dimen: int button
name.bagi.levente.pedometer.R$dimen: int button_sign
name.bagi.levente.pedometer.R$dimen: int desired_pace
name.bagi.levente.pedometer.R$dimen: int desired_pace_width
name.bagi.levente.pedometer.R$dimen: int distance
name.bagi.levente.pedometer.R$dimen: int large_half
name.bagi.levente.pedometer.R$dimen: int margin
name.bagi.levente.pedometer.R$dimen: int padding
name.bagi.levente.pedometer.R$dimen: int row_height
name.bagi.levente.pedometer.R$dimen: int row_spacing
name.bagi.levente.pedometer.R$dimen: int small_value
name.bagi.levente.pedometer.R$dimen: int step_count
name.bagi.levente.pedometer.R$dimen: int third_box_width
name.bagi.levente.pedometer.R$dimen: int third_box_width_middle
name.bagi.levente.pedometer.R$dimen: int units
name.bagi.levente.pedometer.R$dimen: int value
name.bagi.levente.pedometer.R$drawable: int ic_notification
name.bagi.levente.pedometer.R$drawable: int icon
name.bagi.levente.pedometer.R$drawable: int line40
name.bagi.levente.pedometer.R$id: int box_calories
name.bagi.levente.pedometer.R$id: int box_distance
name.bagi.levente.pedometer.R$id: int box_pace
name.bagi.levente.pedometer.R$id: int box_speed
name.bagi.levente.pedometer.R$id: int box_steps
name.bagi.levente.pedometer.R$id: int button_desired_pace_lower
name.bagi.levente.pedometer.R$id: int button_desired_pace_raise
name.bagi.levente.pedometer.R$id: int calories_units
name.bagi.levente.pedometer.R$id: int calories_value
name.bagi.levente.pedometer.R$id: int desired_pace_control
name.bagi.levente.pedometer.R$id: int desired_pace_label
name.bagi.levente.pedometer.R$id: int desired_pace_value
name.bagi.levente.pedometer.R$id: int distance_units
name.bagi.levente.pedometer.R$id: int distance_value
name.bagi.levente.pedometer.R$id: int pace_units
name.bagi.levente.pedometer.R$id: int pace_value
name.bagi.levente.pedometer.R$id: int row_1
name.bagi.levente.pedometer.R$id: int row_2
name.bagi.levente.pedometer.R$id: int speed_units
name.bagi.levente.pedometer.R$id: int speed_value
name.bagi.levente.pedometer.R$id: int step_units
name.bagi.levente.pedometer.R$id: int step_value
name.bagi.levente.pedometer.R$layout: int main
...
com.android.run.demo.pedometer.Pedometer
com.android.run.demo.pedometer.Pedometer: Pedometer()
com.android.run.demo.pedometer.Settings
com.android.run.demo.pedometer.Settings: Settings()
com.android.run.demo.pedometer.StepService
com.android.run.demo.pedometer.StepService: StepService()
com.android.run.demo.pedometer.preferences.BodyWeightPreference
com.android.run.demo.pedometer.preferences.EditMeasurementPreference
com.android.run.demo.pedometer.preferences.StepLengthPreference