计步器算法APP/Pedometer/proguard/mapping.txt
com.android.run.demo.pedometer.Pedometer$3 -> com.android.run.demo.pedometer.i:
    com.android.run.demo.pedometer.Pedometer this$0 -> a
    394:442:void handleMessage(android.os.Message) -> handleMessage
com.android.run.demo.pedometer.Pedometer$4 -> com.android.run.demo.pedometer.j:
    com.android.run.demo.pedometer.Pedometer this$0 -> a
    154:158:void onClick(android.view.View) -> onClick
com.android.run.demo.pedometer.Pedometer$5 -> com.android.run.demo.pedometer.k:
    com.android.run.demo.pedometer.Pedometer this$0 -> a
    163:167:void onClick(android.view.View) -> onClick
com.android.run.demo.pedometer.PedometerSettings -> com.android.run.demo.pedometer.l:
    android.content.SharedPreferences mSettings -> a
    int M_NONE -> b
    int M_PACE -> c
    int M_SPEED -> d
    40:40:boolean isMetric() -> a
    45:49:float getStepLength() -> b
    55:59:float getBodyWeight() -> c
    64:64:boolean isRunning() -> d
    68:69:int getMaintainOption() -> e
    82:82:int getDesiredPace() -> f
    85:85:float getDesiredSpeed() -> g
    88:97:void savePaceOrSpeedSetting(int,float) -> a
    103:103:boolean shouldSpeak() -> h
    107:111:float getSpeakingInterval() -> i
    115:115:boolean shouldTellSteps() -> j
    119:119:boolean shouldTellPace() -> k
    123:123:boolean shouldTellDistance() -> l
    127:127:boolean shouldTellSpeed() -> m
    131:131:boolean shouldTellCalories() -> n
    135:135:boolean shouldTellFasterslower() -> o
    140:140:boolean wakeAggressively() -> p
    143:143:boolean keepScreenOn() -> q
    150:154:void saveServiceRunningWithTimestamp(boolean) -> a
    157:161:void saveServiceRunningWithNullTimestamp(boolean) -> b
    164:168:void clearServiceRunning() -> r
    171:171:boolean isServiceRunning() -> s
    176:176:boolean isNewStart() -> t
com.android.run.demo.pedometer.Settings -> com.android.run.demo.pedometer.Settings:
    34:37:void onCreate(android.os.Bundle) -> onCreate
com.android.run.demo.pedometer.SpeakingTimer -> com.android.run.demo.pedometer.m:
    com.android.run.demo.pedometer.PedometerSettings mSettings -> a
    com.android.run.demo.pedometer.Utils mUtils -> b
    boolean mShouldSpeak -> c
    float mInterval -> d
    long mLastSpeakTime -> e
    java.util.ArrayList mListeners -> f
    43:45:void reloadSettings() -> a
    48:55:void onStep() -> b
    71:72:void addListener(com.android.run.demo.pedometer.SpeakingTimer$Listener) -> a
    74:78:void notifyListeners() -> c
com.android.run.demo.pedometer.SpeakingTimer$Listener -> com.android.run.demo.pedometer.n:
    void speak() -> c
com.android.run.demo.pedometer.SpeedNotifier -> com.android.run.demo.pedometer.o:
    com.android.run.demo.pedometer.SpeedNotifier$Listener mListener -> j
    int mCounter -> a
    float mSpeed -> b
    boolean mIsMetric -> c
    float mStepLength -> d
    com.android.run.demo.pedometer.PedometerSettings mSettings -> e
    com.android.run.demo.pedometer.Utils mUtils -> f
    float mDesiredSpeed -> g
    boolean mShouldTellFasterslower -> h
    boolean mShouldTellSpeed -> i
    long mSpokenAt -> k
    65:67:void setSpeed(float) -> a
    69:76:void reloadSettings() -> a
    78:79:void setDesiredSpeed(float) -> b
    82:83:void notifyListener() -> b
    86:98:void paceChanged(int) -> a
    104:143:void tellFasterSlower() -> d
    150:156:void speak() -> c
com.android.run.demo.pedometer.SpeedNotifier$Listener -> com.android.run.demo.pedometer.p:
    void valueChanged(float) -> a